0 info it worked if it ends with ok
1 verbose cli [ 'C:\\Program Files\\nodejs\\node.exe',
1 verbose cli   'C:\\Program Files\\nodejs\\node_modules\\npm\\bin\\npm-cli.js',
1 verbose cli   'test' ]
2 info using npm@3.10.10
3 info using node@v6.11.2
4 verbose run-script [ 'pretest', 'test', 'posttest' ]
5 info lifecycle usermongo@1.0.0~pretest: usermongo@1.0.0
6 silly lifecycle usermongo@1.0.0~pretest: no script for pretest, continuing
7 info lifecycle usermongo@1.0.0~test: usermongo@1.0.0
8 verbose lifecycle usermongo@1.0.0~test: unsafe-perm in lifecycle true
9 verbose lifecycle usermongo@1.0.0~test: PATH: C:\Program Files\nodejs\node_modules\npm\bin\node-gyp-bin;C:\Spring\workspaces\react\usersMongo\node_modules\.bin;C:\Program Files\Docker\Docker\Resources\bin;C:\ProgramData\Oracle\Java\javapath;C:\Windows;C:\Windows\System32;C:\Ruby21-x64\bin;C:\Program Files\Internet Explorer;C:\Program Files\TortoiseSVN\bin;C:\Program Files (x86)\Skype\Phone\;C:\Program Files (x86)\Calibre2\;C:\WINDOWS\system32;C:\WINDOWS;C:\WINDOWS\System32\Wbem;C:\WINDOWS\System32\WindowsPowerShell\v1.0\;C:\Program Files\Microsoft SQL Server\110\Tools\Binn\;C:\Program Files\nodejs\;%Path;%HOME;%HOME_XSLT;%GIT_HOME;C:\Users\jl\AppData\Local\Microsoft\WindowsApps;C:\Users\jl\.bin;C:\Program Files\Docker Toolbox;C:\Installation\Tools\phantomjs-2.1.1-windows;C:\Installation\Tools\Microsoft VS Code\bin;C:\Users\jl\AppData\Roaming\npm
10 verbose lifecycle usermongo@1.0.0~test: CWD: C:\Spring\workspaces\react\usersMongo
11 silly lifecycle usermongo@1.0.0~test: Args: [ '/d /s /c', 'nodemon --exec mocha -R min' ]
12 verbose stack Error: kill ENOSYS
12 verbose stack     at exports._errnoException (util.js:1020:11)
12 verbose stack     at process.kill (internal/process.js:190:13)
12 verbose stack     at process.listener (C:\Program Files\nodejs\node_modules\npm\node_modules\npmlog\node_modules\gauge\node_modules\signal-exit\index.js:86:15)
12 verbose stack     at emitNone (events.js:91:20)
12 verbose stack     at process.emit (events.js:185:7)
12 verbose stack     at processEmit (C:\Program Files\nodejs\node_modules\npm\node_modules\npmlog\node_modules\gauge\node_modules\signal-exit\index.js:146:32)
12 verbose stack     at processEmit (C:\Program Files\nodejs\node_modules\npm\node_modules\npm-registry-client\node_modules\npmlog\node_modules\gauge\node_modules\signal-exit\index.js:146:32)
12 verbose stack     at Signal.wrap.onsignal (internal/process.js:217:44)
13 verbose cwd C:\Spring\workspaces\react\usersMongo
14 error Windows_NT 10.0.15063
15 error argv "C:\\Program Files\\nodejs\\node.exe" "C:\\Program Files\\nodejs\\node_modules\\npm\\bin\\npm-cli.js" "test"
16 error node v6.11.2
17 error npm  v3.10.10
18 error code ENOSYS
19 error errno ENOSYS
20 error syscall kill
21 error kill ENOSYS
22 error If you need help, you may report this error at:
22 error     <https://github.com/npm/npm/issues>
23 verbose exit [ 1, true ]
